<?xml version="1.0" encoding="utf-8"?><testsuites><testsuite name="pytest" errors="1" failures="0" skipped="0" tests="1" time="1.463" timestamp="2025-01-09T02:38:38.223705" hostname="Contru"><testcase classname="" name="tests.model.test_model" time="0.000"><error message="collection failure">ImportError while importing test module 'C:\Users\lucas\Documents\Latam\challenge_MLE\tests\model\test_model.py'.
Hint: make sure your test modules/packages have valid Python names.
Traceback:
C:\Python312\Lib\importlib\__init__.py:90: in import_module
    return _bootstrap._gcd_import(name[level:], package, level)
tests\model\test_model.py:2: in &lt;module&gt;
    import pandas as pd
E   ModuleNotFoundError: No module named 'pandas'</error></testcase></testsuite></testsuites>