<?xml version="1.0" encoding="utf-8"?><testsuites><testsuite name="pytest" errors="0" failures="0" skipped="0" tests="4" time="18.337" timestamp="2025-01-09T03:05:01.062544" hostname="Contru"><testcase classname="tests.api.test_api.TestBatchPipeline" name="test_should_failed_unkown_column_1" time="0.076" /><testcase classname="tests.api.test_api.TestBatchPipeline" name="test_should_failed_unkown_column_2" time="0.026" /><testcase classname="tests.api.test_api.TestBatchPipeline" name="test_should_failed_unkown_column_3" time="0.027" /><testcase classname="tests.api.test_api.TestBatchPipeline" name="test_should_get_predict" time="0.074" /></testsuite></testsuites>