<?xml version="1.0" encoding="utf-8"?><testsuites><testsuite name="pytest" errors="0" failures="0" skipped="0" tests="4" time="22.454" timestamp="2025-01-08T06:18:05.510469" hostname="Contru"><testcase classname="tests.model.test_model.TestModel" name="test_model_fit" time="1.337" /><testcase classname="tests.model.test_model.TestModel" name="test_model_predict" time="1.251" /><testcase classname="tests.model.test_model.TestModel" name="test_model_preprocess_for_serving" time="0.698" /><testcase classname="tests.model.test_model.TestModel" name="test_model_preprocess_for_training" time="0.671" /></testsuite></testsuites>